<?xml version="1.0" encoding="UTF-8"?>
<!-- Generated by org.testng.reporters.JUnitReportReporter -->
<testsuite hostname="DSIBANDA-DESK" failures="0" tests="1" name="com.autopractice.testcases.SignInPageTest" time="20.711" errors="0" timestamp="2020-06-19T15:50:58 BST" skipped="0">
  <testcase classname="com.autopractice.testcases.SignInPageTest" name="loginPageTest" time="20.711"/>
  <system-out/>
</testsuite> <!-- com.autopractice.testcases.SignInPageTest -->
