<?xml version="1.0" encoding="UTF-8"?>
<!-- Generated by org.testng.reporters.JUnitReportReporter -->
<testsuite hostname="DSIBANDA-DESK" failures="0" tests="1" name="com.autopractice.testcases.WomenPageTest" time="20.479" errors="0" timestamp="2020-06-12T17:08:28 BST" skipped="0">
  <testcase classname="com.autopractice.testcases.WomenPageTest" name="verifyWomenPageTest" time="20.479"/>
  <system-out/>
</testsuite> <!-- com.autopractice.testcases.WomenPageTest -->
